<?xml version="1.0" encoding="UTF-8"?>
<!-- Generated by org.testng.reporters.JUnitReportReporter -->
<testsuite skipped="0" hostname="DESKTOP-R05PLEO" name="automation_framework.TestCase_1" tests="1" failures="0" timestamp="05 Sep 2018 03:10:27 GMT" time="61.290" errors="0">
  <testcase name="main" time="61.290" classname="automation_framework.TestCase_1"/>
</testsuite> <!-- automation_framework.TestCase_1 -->
